0 info it worked if it ends with ok
1 verbose cli [ '/usr/local/Cellar/node/7.8.0/bin/node',
1 verbose cli   '/Users/pavel/Development/demander/demander-frontend/node_modules/.bin/npm',
1 verbose cli   'run',
1 verbose cli   'start-dev' ]
2 info using npm@4.1.1
3 info using node@v7.8.0
4 verbose run-script [ 'prestart-dev', 'start-dev', 'poststart-dev' ]
5 info lifecycle inloop@0.0.1~prestart-dev: inloop@0.0.1
6 silly lifecycle inloop@0.0.1~prestart-dev: no script for prestart-dev, continuing
7 info lifecycle inloop@0.0.1~start-dev: inloop@0.0.1
8 verbose lifecycle inloop@0.0.1~start-dev: unsafe-perm in lifecycle true
9 verbose lifecycle inloop@0.0.1~start-dev: PATH: /Users/pavel/Development/demander/demander-frontend/node_modules/npm/bin/node-gyp-bin:/Users/pavel/Development/demander/demander-frontend/node_modules/.bin:/usr/local/lib/node_modules/npm/bin/node-gyp-bin:/Users/pavel/Development/demander/demander-frontend/node_modules/.bin:/usr/local/bin:/usr/bin:/bin:/usr/sbin:/sbin
10 verbose lifecycle inloop@0.0.1~start-dev: CWD: /Users/pavel/Development/demander/demander-frontend
11 silly lifecycle inloop@0.0.1~start-dev: Args: [ '-c', 'better-npm-run start-dev' ]
12 silly lifecycle inloop@0.0.1~start-dev: Returned: code: 1  signal: null
13 info lifecycle inloop@0.0.1~start-dev: Failed to exec start-dev script
14 verbose stack Error: inloop@0.0.1 start-dev: `better-npm-run start-dev`
14 verbose stack Exit status 1
14 verbose stack     at EventEmitter.<anonymous> (/Users/pavel/Development/demander/demander-frontend/node_modules/npm/lib/utils/lifecycle.js:279:16)
14 verbose stack     at emitTwo (events.js:106:13)
14 verbose stack     at EventEmitter.emit (events.js:194:7)
14 verbose stack     at ChildProcess.<anonymous> (/Users/pavel/Development/demander/demander-frontend/node_modules/npm/lib/utils/spawn.js:40:14)
14 verbose stack     at emitTwo (events.js:106:13)
14 verbose stack     at ChildProcess.emit (events.js:194:7)
14 verbose stack     at maybeClose (internal/child_process.js:899:16)
14 verbose stack     at Process.ChildProcess._handle.onexit (internal/child_process.js:226:5)
15 verbose pkgid inloop@0.0.1
16 verbose cwd /Users/pavel/Development/demander/demander-frontend
17 error Darwin 15.5.0
18 error argv "/usr/local/Cellar/node/7.8.0/bin/node" "/Users/pavel/Development/demander/demander-frontend/node_modules/.bin/npm" "run" "start-dev"
19 error node v7.8.0
20 error npm  v4.1.1
21 error code ELIFECYCLE
22 error inloop@0.0.1 start-dev: `better-npm-run start-dev`
22 error Exit status 1
23 error Failed at the inloop@0.0.1 start-dev script 'better-npm-run start-dev'.
23 error Make sure you have the latest version of node.js and npm installed.
23 error If you do, this is most likely a problem with the inloop package,
23 error not with npm itself.
23 error Tell the author that this fails on your system:
23 error     better-npm-run start-dev
23 error You can get information on how to open an issue for this project with:
23 error     npm bugs inloop
23 error Or if that isn't available, you can get their info via:
23 error     npm owner ls inloop
23 error There is likely additional logging output above.
24 verbose exit [ 1, true ]
